--- Configuration ---
experiment_name: a3fl_clip_cifar
dataset: cifar10
num_clients: 5
num_parallel_clients: 5
num_rounds: 100
local_epochs: 1
batch_size: 32
test_batch_size: 256
lr: 0.01
seed: 42
attack: a3fl
num_malicious: 2
target_class: 7
poisoning_rate: 0.25
attack_start_round: 20
attack_end_round: 50
scale_factor: 5.0
malicious_epochs: 5
mask_k_percent: 0.05
trigger_epochs: 5
trigger_lr: 0.01
defense: clip
clipping_norm: 4.0
dp_std_dev: 0.025
deepsight_num_samples: 256
deepsight_num_seeds: 3
deepsight_batch_size: 64
deepsight_tau: 0.5
flame_lamda: 0.001
flame_eta: 1.0
krum_f: 2
krum_m: 5
device: cuda
---------------------
Files already downloaded and verified
Files already downloaded and verified
Initialized NormClippingServer with clipping_norm=4.0, eta=1.0
[2026-02-20T12:26:33.015] error: *** JOB 296487 ON l3icalcul10 CANCELLED AT 2026-02-20T12:26:33 DUE to SIGNAL Terminated ***
