--- Configuration ---
experiment_name: a3fl_flame_layer_femnist
dataset: femnist
num_clients: 20
num_parallel_clients: 20
num_rounds: 100
local_epochs: 1
batch_size: 32
test_batch_size: 256
lr: 0.01
seed: 42
attack: a3fl
num_malicious: 2
target_class: 7
poisoning_rate: 0.25
attack_start_round: 20
attack_end_round: 50
scale_factor: 20.0
malicious_epochs: 64
mask_k_percent: 0.05
trigger_epochs: 5
trigger_lr: 0.01
defense: krum
clipping_norm: 4.0
dp_std_dev: 0.025
deepsight_num_samples: 256
deepsight_num_seeds: 3
deepsight_batch_size: 64
deepsight_tau: 0.5
flame_lamda: 0.001
flame_eta: 1.0
krum_f: 2
krum_m: 5
device: cuda
---------------------
Initialized MKrumServer to tolerate f=2 Byzantine clients and select m=5 for aggregation.

--- Round 1/100 ---
Krum selected clients at indices: [8, 19, 14, 7, 1]
Round 1: Main Acc = 0.7539, Backdoor ASR = 0.0000, Attack Active: False, took 242.53964638710022 seconds

--- Round 2/100 ---
Krum selected clients at indices: [5, 9, 1, 2, 13]
Round 2: Main Acc = 0.8058, Backdoor ASR = 0.0000, Attack Active: False, took 169.0365571975708 seconds

--- Round 3/100 ---
Krum selected clients at indices: [3, 9, 10, 19, 0]
Round 3: Main Acc = 0.8226, Backdoor ASR = 0.0000, Attack Active: False, took 168.69389867782593 seconds

--- Round 4/100 ---
Krum selected clients at indices: [7, 6, 0, 4, 1]
Round 4: Main Acc = 0.8325, Backdoor ASR = 0.0000, Attack Active: False, took 168.81539392471313 seconds

--- Round 5/100 ---
Krum selected clients at indices: [5, 15, 12, 7, 17]
Round 5: Main Acc = 0.8403, Backdoor ASR = 0.0000, Attack Active: False, took 168.8239028453827 seconds

--- Round 6/100 ---
Krum selected clients at indices: [5, 2, 15, 1, 6]
Round 6: Main Acc = 0.8435, Backdoor ASR = 0.0000, Attack Active: False, took 169.20292043685913 seconds

--- Round 7/100 ---
Krum selected clients at indices: [5, 6, 11, 9, 1]
Round 7: Main Acc = 0.8453, Backdoor ASR = 0.0000, Attack Active: False, took 169.42314982414246 seconds

--- Round 8/100 ---
Krum selected clients at indices: [3, 9, 4, 17, 10]
Round 8: Main Acc = 0.8467, Backdoor ASR = 0.0000, Attack Active: False, took 169.5617265701294 seconds

--- Round 9/100 ---
Krum selected clients at indices: [5, 13, 3, 17, 8]
Round 9: Main Acc = 0.8477, Backdoor ASR = 0.0000, Attack Active: False, took 168.76686215400696 seconds

--- Round 10/100 ---
Krum selected clients at indices: [19, 17, 5, 14, 9]
Round 10: Main Acc = 0.8497, Backdoor ASR = 0.0000, Attack Active: False, took 169.5904188156128 seconds

--- Round 11/100 ---
Krum selected clients at indices: [3, 9, 12, 2, 6]
Round 11: Main Acc = 0.8503, Backdoor ASR = 0.0000, Attack Active: False, took 169.41191744804382 seconds

--- Round 12/100 ---
Krum selected clients at indices: [3, 6, 13, 14, 0]
Round 12: Main Acc = 0.8516, Backdoor ASR = 0.0000, Attack Active: False, took 169.16306972503662 seconds

--- Round 13/100 ---
Krum selected clients at indices: [9, 1, 13, 19, 6]
Round 13: Main Acc = 0.8521, Backdoor ASR = 0.0000, Attack Active: False, took 169.74321174621582 seconds

--- Round 14/100 ---
Krum selected clients at indices: [6, 3, 7, 5, 0]
Round 14: Main Acc = 0.8521, Backdoor ASR = 0.0000, Attack Active: False, took 169.02811861038208 seconds

--- Round 15/100 ---
Krum selected clients at indices: [19, 3, 12, 5, 15]
Round 15: Main Acc = 0.8525, Backdoor ASR = 0.0000, Attack Active: False, took 168.8194284439087 seconds

--- Round 16/100 ---
Krum selected clients at indices: [10, 0, 9, 2, 14]
Round 16: Main Acc = 0.8552, Backdoor ASR = 0.0000, Attack Active: False, took 169.4399094581604 seconds

--- Round 17/100 ---
Krum selected clients at indices: [17, 6, 9, 1, 15]
Round 17: Main Acc = 0.8557, Backdoor ASR = 0.0000, Attack Active: False, took 169.8094561100006 seconds

--- Round 18/100 ---
Krum selected clients at indices: [3, 4, 6, 0, 14]
Round 18: Main Acc = 0.8564, Backdoor ASR = 0.0000, Attack Active: False, took 169.3390498161316 seconds

--- Round 19/100 ---
Krum selected clients at indices: [14, 15, 13, 7, 17]
Round 19: Main Acc = 0.8560, Backdoor ASR = 0.0000, Attack Active: False, took 169.65269017219543 seconds

--- Round 20/100 ---
Stateful trigger updated. Recreating ASR test loader...
Krum selected clients at indices: [19, 10, 17, 7, 3]
Round 20: Main Acc = 0.8576, Backdoor ASR = 0.0005, Attack Active: True, took 486.53177094459534 seconds

--- Round 21/100 ---
Stateful trigger updated. Recreating ASR test loader...
Krum selected clients at indices: [7, 5, 3, 19, 12]
Round 21: Main Acc = 0.8551, Backdoor ASR = 0.0004, Attack Active: True, took 486.63604640960693 seconds

--- Round 22/100 ---
Stateful trigger updated. Recreating ASR test loader...
Krum selected clients at indices: [6, 17, 9, 2, 3]
Round 22: Main Acc = 0.8581, Backdoor ASR = 0.0004, Attack Active: True, took 487.0691056251526 seconds

--- Round 23/100 ---
Stateful trigger updated. Recreating ASR test loader...
Krum selected clients at indices: [15, 3, 12, 5, 6]
Round 23: Main Acc = 0.8575, Backdoor ASR = 0.0002, Attack Active: True, took 490.52636766433716 seconds

--- Round 24/100 ---
Stateful trigger updated. Recreating ASR test loader...
Krum selected clients at indices: [7, 9, 6, 10, 8]
Round 24: Main Acc = 0.8579, Backdoor ASR = 0.0000, Attack Active: True, took 491.5185778141022 seconds

--- Round 25/100 ---
Stateful trigger updated. Recreating ASR test loader...
Krum selected clients at indices: [6, 13, 3, 5, 9]
Round 25: Main Acc = 0.8599, Backdoor ASR = 0.0000, Attack Active: True, took 490.9700689315796 seconds

--- Round 26/100 ---
Stateful trigger updated. Recreating ASR test loader...
Krum selected clients at indices: [17, 4, 3, 2, 9]
Round 26: Main Acc = 0.8565, Backdoor ASR = 0.0000, Attack Active: True, took 494.64854407310486 seconds

--- Round 27/100 ---
Stateful trigger updated. Recreating ASR test loader...
Krum selected clients at indices: [3, 6, 5, 19, 9]
Round 27: Main Acc = 0.8593, Backdoor ASR = 0.0000, Attack Active: True, took 494.39556407928467 seconds

--- Round 28/100 ---
Stateful trigger updated. Recreating ASR test loader...
Krum selected clients at indices: [7, 16, 2, 14, 9]
Round 28: Main Acc = 0.8582, Backdoor ASR = 0.0000, Attack Active: True, took 491.75502252578735 seconds

--- Round 29/100 ---
Stateful trigger updated. Recreating ASR test loader...
Krum selected clients at indices: [6, 7, 3, 14, 16]
Round 29: Main Acc = 0.8598, Backdoor ASR = 0.0000, Attack Active: True, took 488.4736399650574 seconds

--- Round 30/100 ---
Stateful trigger updated. Recreating ASR test loader...
Krum selected clients at indices: [16, 17, 7, 6, 3]
Round 30: Main Acc = 0.8600, Backdoor ASR = 0.0000, Attack Active: True, took 490.9476981163025 seconds

--- Round 31/100 ---
Stateful trigger updated. Recreating ASR test loader...
Krum selected clients at indices: [6, 18, 14, 5, 7]
Round 31: Main Acc = 0.8594, Backdoor ASR = 0.0000, Attack Active: True, took 491.8068149089813 seconds

--- Round 32/100 ---
Stateful trigger updated. Recreating ASR test loader...
Krum selected clients at indices: [3, 7, 2, 14, 5]
Round 32: Main Acc = 0.8591, Backdoor ASR = 0.0000, Attack Active: True, took 490.6974067687988 seconds

--- Round 33/100 ---
Stateful trigger updated. Recreating ASR test loader...
Krum selected clients at indices: [5, 7, 3, 15, 9]
Round 33: Main Acc = 0.8612, Backdoor ASR = 0.0000, Attack Active: True, took 492.1923973560333 seconds

--- Round 34/100 ---
Stateful trigger updated. Recreating ASR test loader...
Krum selected clients at indices: [5, 9, 19, 6, 18]
Round 34: Main Acc = 0.8607, Backdoor ASR = 0.0000, Attack Active: True, took 491.5696654319763 seconds

--- Round 35/100 ---
Stateful trigger updated. Recreating ASR test loader...
Krum selected clients at indices: [14, 16, 3, 4, 6]
Round 35: Main Acc = 0.8615, Backdoor ASR = 0.0000, Attack Active: True, took 488.65094685554504 seconds

--- Round 36/100 ---
Stateful trigger updated. Recreating ASR test loader...
Krum selected clients at indices: [7, 6, 17, 3, 12]
Round 36: Main Acc = 0.8616, Backdoor ASR = 0.0000, Attack Active: True, took 489.73514890670776 seconds

--- Round 37/100 ---
Stateful trigger updated. Recreating ASR test loader...
Krum selected clients at indices: [3, 9, 16, 5, 17]
Round 37: Main Acc = 0.8618, Backdoor ASR = 0.0000, Attack Active: True, took 487.75381875038147 seconds

--- Round 38/100 ---
Stateful trigger updated. Recreating ASR test loader...
Krum selected clients at indices: [9, 11, 17, 14, 3]
Round 38: Main Acc = 0.8614, Backdoor ASR = 0.0000, Attack Active: True, took 490.53756856918335 seconds

--- Round 39/100 ---
Stateful trigger updated. Recreating ASR test loader...
Krum selected clients at indices: [17, 3, 7, 15, 13]
Round 39: Main Acc = 0.8618, Backdoor ASR = 0.0000, Attack Active: True, took 486.24769115448 seconds

--- Round 40/100 ---
Stateful trigger updated. Recreating ASR test loader...
Krum selected clients at indices: [10, 5, 3, 14, 7]
Round 40: Main Acc = 0.8617, Backdoor ASR = 0.0000, Attack Active: True, took 487.920761346817 seconds

--- Round 41/100 ---
Stateful trigger updated. Recreating ASR test loader...
Krum selected clients at indices: [3, 15, 9, 14, 18]
Round 41: Main Acc = 0.8622, Backdoor ASR = 0.0000, Attack Active: True, took 484.8213903903961 seconds

--- Round 42/100 ---
Stateful trigger updated. Recreating ASR test loader...
Krum selected clients at indices: [5, 6, 3, 9, 17]
Round 42: Main Acc = 0.8629, Backdoor ASR = 0.0000, Attack Active: True, took 483.6555314064026 seconds

--- Round 43/100 ---
Stateful trigger updated. Recreating ASR test loader...
Krum selected clients at indices: [17, 3, 6, 7, 15]
Round 43: Main Acc = 0.8624, Backdoor ASR = 0.0000, Attack Active: True, took 485.2042646408081 seconds

--- Round 44/100 ---
Stateful trigger updated. Recreating ASR test loader...
Krum selected clients at indices: [9, 5, 3, 17, 12]
Round 44: Main Acc = 0.8617, Backdoor ASR = 0.0000, Attack Active: True, took 484.3840591907501 seconds

--- Round 45/100 ---
Stateful trigger updated. Recreating ASR test loader...
Krum selected clients at indices: [14, 7, 3, 15, 16]
Round 45: Main Acc = 0.8628, Backdoor ASR = 0.0000, Attack Active: True, took 486.29688692092896 seconds

--- Round 46/100 ---
Stateful trigger updated. Recreating ASR test loader...
Krum selected clients at indices: [3, 7, 9, 14, 10]
Round 46: Main Acc = 0.8627, Backdoor ASR = 0.0000, Attack Active: True, took 486.8927617073059 seconds

--- Round 47/100 ---
Stateful trigger updated. Recreating ASR test loader...
Krum selected clients at indices: [3, 6, 2, 17, 5]
Round 47: Main Acc = 0.8626, Backdoor ASR = 0.0000, Attack Active: True, took 483.6921982765198 seconds

--- Round 48/100 ---
Stateful trigger updated. Recreating ASR test loader...
Krum selected clients at indices: [3, 6, 15, 14, 16]
Round 48: Main Acc = 0.8634, Backdoor ASR = 0.0000, Attack Active: True, took 484.82643461227417 seconds

--- Round 49/100 ---
Stateful trigger updated. Recreating ASR test loader...
Krum selected clients at indices: [3, 6, 17, 14, 5]
Round 49: Main Acc = 0.8609, Backdoor ASR = 0.0000, Attack Active: True, took 483.623779296875 seconds

--- Round 50/100 ---
Stateful trigger updated. Recreating ASR test loader...
Krum selected clients at indices: [9, 3, 11, 6, 17]
Round 50: Main Acc = 0.8642, Backdoor ASR = 0.0000, Attack Active: True, took 482.7390522956848 seconds

--- Round 51/100 ---
Krum selected clients at indices: [17, 14, 3, 9, 1]
Round 51: Main Acc = 0.8618, Backdoor ASR = 0.0000, Attack Active: False, took 188.0375611782074 seconds

--- Round 52/100 ---
Krum selected clients at indices: [12, 6, 15, 9, 5]
Round 52: Main Acc = 0.8630, Backdoor ASR = 0.0000, Attack Active: False, took 188.76135635375977 seconds

--- Round 53/100 ---
Krum selected clients at indices: [6, 5, 3, 19, 11]
Round 53: Main Acc = 0.8630, Backdoor ASR = 0.0000, Attack Active: False, took 188.60512137413025 seconds

--- Round 54/100 ---
Krum selected clients at indices: [1, 0, 5, 4, 3]
Round 54: Main Acc = 0.8623, Backdoor ASR = 0.0000, Attack Active: False, took 188.43617820739746 seconds

--- Round 55/100 ---
Krum selected clients at indices: [9, 2, 14, 3, 5]
Round 55: Main Acc = 0.8638, Backdoor ASR = 0.0000, Attack Active: False, took 187.65545988082886 seconds

--- Round 56/100 ---
Krum selected clients at indices: [17, 9, 7, 19, 0]
Round 56: Main Acc = 0.8638, Backdoor ASR = 0.0000, Attack Active: False, took 187.04434037208557 seconds

--- Round 57/100 ---
Krum selected clients at indices: [12, 3, 5, 6, 17]
Round 57: Main Acc = 0.8640, Backdoor ASR = 0.0000, Attack Active: False, took 187.4160828590393 seconds

--- Round 58/100 ---
Krum selected clients at indices: [7, 5, 1, 14, 19]
Round 58: Main Acc = 0.8640, Backdoor ASR = 0.0000, Attack Active: False, took 186.62187314033508 seconds

--- Round 59/100 ---
Krum selected clients at indices: [5, 17, 3, 6, 14]
Round 59: Main Acc = 0.8643, Backdoor ASR = 0.0000, Attack Active: False, took 186.2349133491516 seconds

--- Round 60/100 ---
Krum selected clients at indices: [3, 9, 16, 2, 14]
Round 60: Main Acc = 0.8637, Backdoor ASR = 0.0000, Attack Active: False, took 187.4417486190796 seconds

--- Round 61/100 ---
Krum selected clients at indices: [17, 3, 0, 12, 15]
Round 61: Main Acc = 0.8647, Backdoor ASR = 0.0000, Attack Active: False, took 186.98814868927002 seconds

--- Round 62/100 ---
Krum selected clients at indices: [10, 3, 17, 14, 5]
Round 62: Main Acc = 0.8644, Backdoor ASR = 0.0000, Attack Active: False, took 187.6396999359131 seconds

--- Round 63/100 ---
Krum selected clients at indices: [6, 5, 17, 15, 3]
Round 63: Main Acc = 0.8651, Backdoor ASR = 0.0000, Attack Active: False, took 185.40838980674744 seconds

--- Round 64/100 ---
Krum selected clients at indices: [9, 7, 2, 6, 0]
Round 64: Main Acc = 0.8641, Backdoor ASR = 0.0000, Attack Active: False, took 186.07348823547363 seconds

--- Round 65/100 ---
Krum selected clients at indices: [15, 5, 11, 9, 14]
Round 65: Main Acc = 0.8640, Backdoor ASR = 0.0000, Attack Active: False, took 185.5705554485321 seconds

--- Round 66/100 ---
Krum selected clients at indices: [17, 3, 5, 2, 14]
Round 66: Main Acc = 0.8644, Backdoor ASR = 0.0000, Attack Active: False, took 187.4844741821289 seconds

--- Round 67/100 ---
Krum selected clients at indices: [14, 3, 17, 9, 16]
Round 67: Main Acc = 0.8647, Backdoor ASR = 0.0000, Attack Active: False, took 187.36479306221008 seconds

--- Round 68/100 ---
Krum selected clients at indices: [3, 6, 17, 5, 0]
Round 68: Main Acc = 0.8643, Backdoor ASR = 0.0000, Attack Active: False, took 186.05497217178345 seconds

--- Round 69/100 ---
Krum selected clients at indices: [3, 7, 5, 17, 15]
Round 69: Main Acc = 0.8649, Backdoor ASR = 0.0000, Attack Active: False, took 187.31176328659058 seconds

--- Round 70/100 ---
Krum selected clients at indices: [3, 2, 9, 17, 12]
Round 70: Main Acc = 0.8623, Backdoor ASR = 0.0000, Attack Active: False, took 186.59568762779236 seconds

--- Round 71/100 ---
Krum selected clients at indices: [14, 3, 2, 5, 19]
Round 71: Main Acc = 0.8654, Backdoor ASR = 0.0000, Attack Active: False, took 185.90213918685913 seconds

--- Round 72/100 ---
Krum selected clients at indices: [9, 14, 17, 3, 12]
Round 72: Main Acc = 0.8655, Backdoor ASR = 0.0000, Attack Active: False, took 185.8226797580719 seconds

--- Round 73/100 ---
Krum selected clients at indices: [9, 14, 11, 2, 6]
Round 73: Main Acc = 0.8633, Backdoor ASR = 0.0000, Attack Active: False, took 186.91813278198242 seconds

--- Round 74/100 ---
Krum selected clients at indices: [6, 14, 15, 16, 5]
Round 74: Main Acc = 0.8642, Backdoor ASR = 0.0000, Attack Active: False, took 185.93540406227112 seconds

--- Round 75/100 ---
Krum selected clients at indices: [3, 5, 19, 9, 7]
Round 75: Main Acc = 0.8647, Backdoor ASR = 0.0000, Attack Active: False, took 186.72100496292114 seconds

--- Round 76/100 ---
Krum selected clients at indices: [0, 9, 17, 5, 13]
Round 76: Main Acc = 0.8651, Backdoor ASR = 0.0000, Attack Active: False, took 186.51682448387146 seconds

--- Round 77/100 ---
Krum selected clients at indices: [5, 17, 7, 6, 9]
Round 77: Main Acc = 0.8652, Backdoor ASR = 0.0000, Attack Active: False, took 186.17950439453125 seconds

--- Round 78/100 ---
Krum selected clients at indices: [3, 9, 5, 6, 16]
Round 78: Main Acc = 0.8644, Backdoor ASR = 0.0000, Attack Active: False, took 185.22247409820557 seconds

--- Round 79/100 ---
Krum selected clients at indices: [3, 9, 12, 6, 17]
Round 79: Main Acc = 0.8641, Backdoor ASR = 0.0000, Attack Active: False, took 186.832923412323 seconds

--- Round 80/100 ---
Krum selected clients at indices: [5, 3, 13, 17, 6]
Round 80: Main Acc = 0.8644, Backdoor ASR = 0.0000, Attack Active: False, took 186.73409819602966 seconds

--- Round 81/100 ---
Krum selected clients at indices: [3, 5, 0, 7, 9]
Round 81: Main Acc = 0.8647, Backdoor ASR = 0.0000, Attack Active: False, took 186.51838564872742 seconds

--- Round 82/100 ---
Krum selected clients at indices: [17, 6, 3, 5, 9]
Round 82: Main Acc = 0.8650, Backdoor ASR = 0.0000, Attack Active: False, took 187.0535228252411 seconds

--- Round 83/100 ---
Krum selected clients at indices: [17, 3, 5, 9, 12]
Round 83: Main Acc = 0.8650, Backdoor ASR = 0.0000, Attack Active: False, took 186.89562463760376 seconds

--- Round 84/100 ---
Krum selected clients at indices: [17, 5, 3, 7, 15]
Round 84: Main Acc = 0.8645, Backdoor ASR = 0.0000, Attack Active: False, took 185.39164876937866 seconds

--- Round 85/100 ---
Krum selected clients at indices: [3, 9, 1, 0, 2]
Round 85: Main Acc = 0.8658, Backdoor ASR = 0.0000, Attack Active: False, took 186.4907579421997 seconds

--- Round 86/100 ---
Krum selected clients at indices: [3, 9, 12, 7, 0]
Round 86: Main Acc = 0.8645, Backdoor ASR = 0.0000, Attack Active: False, took 186.41564083099365 seconds

--- Round 87/100 ---
Krum selected clients at indices: [3, 17, 9, 6, 12]
Round 87: Main Acc = 0.8660, Backdoor ASR = 0.0000, Attack Active: False, took 186.6251184940338 seconds

--- Round 88/100 ---
Krum selected clients at indices: [3, 14, 7, 6, 5]
Round 88: Main Acc = 0.8642, Backdoor ASR = 0.0000, Attack Active: False, took 185.3148491382599 seconds

--- Round 89/100 ---
Krum selected clients at indices: [17, 6, 2, 10, 3]
Round 89: Main Acc = 0.8661, Backdoor ASR = 0.0000, Attack Active: False, took 187.20144867897034 seconds

--- Round 90/100 ---
Krum selected clients at indices: [0, 3, 17, 9, 16]
Round 90: Main Acc = 0.8654, Backdoor ASR = 0.0000, Attack Active: False, took 185.19830226898193 seconds

--- Round 91/100 ---
Krum selected clients at indices: [3, 7, 6, 0, 12]
Round 91: Main Acc = 0.8654, Backdoor ASR = 0.0000, Attack Active: False, took 186.37902235984802 seconds

--- Round 92/100 ---
Krum selected clients at indices: [3, 17, 5, 6, 2]
Round 92: Main Acc = 0.8659, Backdoor ASR = 0.0000, Attack Active: False, took 186.16869354248047 seconds

--- Round 93/100 ---
Krum selected clients at indices: [3, 9, 5, 7, 17]
Round 93: Main Acc = 0.8657, Backdoor ASR = 0.0000, Attack Active: False, took 186.1369824409485 seconds

--- Round 94/100 ---
Krum selected clients at indices: [3, 7, 6, 14, 5]
Round 94: Main Acc = 0.8657, Backdoor ASR = 0.0000, Attack Active: False, took 186.21057271957397 seconds

--- Round 95/100 ---
Krum selected clients at indices: [14, 9, 7, 6, 3]
Round 95: Main Acc = 0.8665, Backdoor ASR = 0.0000, Attack Active: False, took 185.01048111915588 seconds

--- Round 96/100 ---
Krum selected clients at indices: [1, 9, 3, 0, 7]
Round 96: Main Acc = 0.8655, Backdoor ASR = 0.0000, Attack Active: False, took 185.01760363578796 seconds

--- Round 97/100 ---
Krum selected clients at indices: [5, 3, 14, 9, 17]
Round 97: Main Acc = 0.8653, Backdoor ASR = 0.0000, Attack Active: False, took 186.40599846839905 seconds

--- Round 98/100 ---
Krum selected clients at indices: [5, 9, 17, 12, 6]
Round 98: Main Acc = 0.8661, Backdoor ASR = 0.0000, Attack Active: False, took 185.83200883865356 seconds

--- Round 99/100 ---
Krum selected clients at indices: [14, 9, 17, 3, 5]
Round 99: Main Acc = 0.8654, Backdoor ASR = 0.0000, Attack Active: False, took 185.86835718154907 seconds

--- Round 100/100 ---
Krum selected clients at indices: [17, 6, 14, 3, 5]
Round 100: Main Acc = 0.8660, Backdoor ASR = 0.0000, Attack Active: False, took 185.5761845111847 seconds

--- Training Finished ---
