--- Configuration ---
experiment_name: a3fl_flame_femnist
dataset: femnist
num_clients: 20
num_parallel_clients: 20
num_rounds: 100
local_epochs: 1
batch_size: 32
test_batch_size: 256
lr: 0.01
seed: 42
attack: a3fl
num_malicious: 2
target_class: 7
poisoning_rate: 0.25
attack_start_round: 20
attack_end_round: 50
scale_factor: 20.0
malicious_epochs: 64
mask_k_percent: 0.05
trigger_epochs: 5
trigger_lr: 0.01
defense: flame1
clipping_norm: 4.0
dp_std_dev: 0.025
deepsight_num_samples: 256
deepsight_num_seeds: 3
deepsight_batch_size: 64
deepsight_tau: 0.5
flame_lamda: 0.001
flame_eta: 1.0
krum_f: 2
krum_m: 5
device: cuda
---------------------

Client [1]: Behaving benignly in round 7 (outside attack window).

--- A3FL Client [0] optimizing trigger for round 23 ---
--- Training A3FL Trigger (aligned with official repo) ---
--- A3FL Trigger training finished ---
Client [1]: Behaving benignly in round 58 (outside attack window).
Client [0]: Behaving benignly in round 59 (outside attack window).
Client [0]: Behaving benignly in round 60 (outside attack window).
Client [0]: Behaving benignly in round 61 (outside attack window).
Client [1]: Behaving benignly in round 62 (outside attack window).
Client [1]: Behaving benignly in round 63 (outside attack window).
Client [0]: Behaving benignly in round 64 (outside attack window).
Client [0]: Behaving benignly in round 65 (outside attack window).
Client [0]: Behaving benignly in round 66 (outside attack window).
Client [0]: Behaving benignly in round 67 (outside attack window).
Client [0]: Behaving benignly in round 68 (outside attack window).
Client [0]: Behaving benignly in round 69 (outside attack window).
Client [0]: Behaving benignly in round 70 (outside attack window).
Client [0]: Behaving benignly in round 71 (outside attack window).
Client [0]: Behaving benignly in round 72 (outside attack window).
Client [0]: Behaving benignly in round 73 (outside attack window).
Client [0]: Behaving benignly in round 74 (outside attack window).
Client [0]: Behaving benignly in round 75 (outside attack window).
Client [0]: Behaving benignly in round 76 (outside attack window).
Client [0]: Behaving benignly in round 77 (outside attack window).
Client [0]: Behaving benignly in round 78 (outside attack window).
Client [0]: Behaving benignly in round 79 (outside attack window).
Client [0]: Behaving benignly in round 80 (outside attack window).
Client [1]: Behaving benignly in round 81 (outside attack window).
Client [0]: Behaving benignly in round 82 (outside attack window).
Client [0]: Behaving benignly in round 83 (outside attack window).
Client [0]: Behaving benignly in round 84 (outside attack window).
Client [0]: Behaving benignly in round 85 (outside attack window).
Client [0]: Behaving benignly in round 86 (outside attack window).
Client [0]: Behaving benignly in round 87 (outside attack window).
Client [0]: Behaving benignly in round 89 (outside attack window).
Client [0]: Behaving benignly in round 90 (outside attack window).
Client [0]: Behaving benignly in round 91 (outside attack window).
Client [1]: Behaving benignly in round 93 (outside attack window).
Client [1]: Behaving benignly in round 94 (outside attack window).
Client [0]: Behaving benignly in round 97 (outside attack window).
Client [0]: Behaving benignly in round 98 (outside attack window).
Client [1]: Behaving benignly in round 100 (outside attack window).
Client [0]: Behaving benignly in round 5 (outside attack window).
Client [0]: Behaving benignly in round 8 (outside attack window).
Client [0]: Behaving benignly in round 9 (outside attack window).
Client [0]: Behaving benignly in round 10 (outside attack window).
Client [0]: Behaving benignly in round 11 (outside attack window).
Client [0]: Behaving benignly in round 12 (outside attack window).
Client [0]: Behaving benignly in round 14 (outside attack window).
Client [0]: Behaving benignly in round 15 (outside attack window).
Client [0]: Behaving benignly in round 16 (outside attack window).
Client [0]: Behaving benignly in round 17 (outside attack window).
Client [0]: Behaving benignly in round 18 (outside attack window).
Client [0]: Behaving benignly in round 19 (outside attack window).

--- A3FL Client [0] optimizing trigger for round 20 ---
--- Training A3FL Trigger (aligned with official repo) ---
--- A3FL Trigger training finished ---

--- A3FL Client [0] optimizing trigger for round 24 ---
--- Training A3FL Trigger (aligned with official repo) ---
--- A3FL Trigger training finished ---

--- A3FL Client [1] optimizing trigger for round 31 ---
--- Training A3FL Trigger (aligned with official repo) ---
--- A3FL Trigger training finished ---

--- A3FL Client [1] optimizing trigger for round 41 ---
--- Training A3FL Trigger (aligned with official repo) ---
--- A3FL Trigger training finished ---

--- A3FL Client [0] optimizing trigger for round 43 ---
--- Training A3FL Trigger (aligned with official repo) ---
--- A3FL Trigger training finished ---

--- A3FL Client [0] optimizing trigger for round 46 ---
--- Training A3FL Trigger (aligned with official repo) ---
--- A3FL Trigger training finished ---

--- A3FL Client [0] optimizing trigger for round 49 ---
--- Training A3FL Trigger (aligned with official repo) ---
--- A3FL Trigger training finished ---
Client [0]: Behaving benignly in round 52 (outside attack window).
Client [1]: Behaving benignly in round 54 (outside attack window).
Client [1]: Behaving benignly in round 8 (outside attack window).

--- A3FL Client [1] optimizing trigger for round 20 ---
--- Training A3FL Trigger (aligned with official repo) ---
--- A3FL Trigger training finished ---

--- A3FL Client [0] optimizing trigger for round 28 ---
--- Training A3FL Trigger (aligned with official repo) ---
--- A3FL Trigger training finished ---

--- A3FL Client [1] optimizing trigger for round 35 ---
--- Training A3FL Trigger (aligned with official repo) ---
--- A3FL Trigger training finished ---

--- A3FL Client [0] optimizing trigger for round 50 ---
--- Training A3FL Trigger (aligned with official repo) ---
--- A3FL Trigger training finished ---
Client [1]: Behaving benignly in round 52 (outside attack window).
Client [1]: Behaving benignly in round 53 (outside attack window).
Client [0]: Behaving benignly in round 54 (outside attack window).
Client [1]: Behaving benignly in round 55 (outside attack window).
Client [0]: Behaving benignly in round 56 (outside attack window).
Client [0]: Behaving benignly in round 57 (outside attack window).
Client [0]: Behaving benignly in round 58 (outside attack window).
Client [1]: Behaving benignly in round 59 (outside attack window).
Client [1]: Behaving benignly in round 61 (outside attack window).
Client [0]: Behaving benignly in round 62 (outside attack window).
Client [0]: Behaving benignly in round 63 (outside attack window).
Client [1]: Behaving benignly in round 64 (outside attack window).
Client [1]: Behaving benignly in round 65 (outside attack window).
Client [1]: Behaving benignly in round 69 (outside attack window).
Client [1]: Behaving benignly in round 70 (outside attack window).
Client [1]: Behaving benignly in round 72 (outside attack window).
Client [1]: Behaving benignly in round 74 (outside attack window).
Client [1]: Behaving benignly in round 75 (outside attack window).
Client [1]: Behaving benignly in round 77 (outside attack window).
Client [1]: Behaving benignly in round 78 (outside attack window).
Client [1]: Behaving benignly in round 80 (outside attack window).
Client [1]: Behaving benignly in round 85 (outside attack window).
Client [1]: Behaving benignly in round 87 (outside attack window).
Client [1]: Behaving benignly in round 88 (outside attack window).
Client [1]: Behaving benignly in round 89 (outside attack window).
Client [1]: Behaving benignly in round 90 (outside attack window).
Client [1]: Behaving benignly in round 92 (outside attack window).
Client [0]: Behaving benignly in round 95 (outside attack window).
Client [0]: Behaving benignly in round 96 (outside attack window).
Client [1]: Behaving benignly in round 98 (outside attack window).
Client [0]: Behaving benignly in round 99 (outside attack window).
Client [0]: Behaving benignly in round 2 (outside attack window).

--- A3FL Client [0] optimizing trigger for round 25 ---
--- Training A3FL Trigger (aligned with official repo) ---
--- A3FL Trigger training finished ---

--- A3FL Client [1] optimizing trigger for round 28 ---
--- Training A3FL Trigger (aligned with official repo) ---
--- A3FL Trigger training finished ---

--- A3FL Client [1] optimizing trigger for round 32 ---
--- Training A3FL Trigger (aligned with official repo) ---
--- A3FL Trigger training finished ---

--- A3FL Client [1] optimizing trigger for round 46 ---
--- Training A3FL Trigger (aligned with official repo) ---
--- A3FL Trigger training finished ---
Client [0]: Behaving benignly in round 51 (outside attack window).
Client [0]: Behaving benignly in round 53 (outside attack window).
Client [1]: Behaving benignly in round 67 (outside attack window).
Client [1]: Behaving benignly in round 68 (outside attack window).
Client [1]: Behaving benignly in round 71 (outside attack window).
Client [1]: Behaving benignly in round 73 (outside attack window).
Client [1]: Behaving benignly in round 76 (outside attack window).
Client [1]: Behaving benignly in round 79 (outside attack window).
Client [0]: Behaving benignly in round 81 (outside attack window).
Client [1]: Behaving benignly in round 84 (outside attack window).
Client [0]: Behaving benignly in round 88 (outside attack window).
Client [0]: Behaving benignly in round 92 (outside attack window).
Client [0]: Behaving benignly in round 94 (outside attack window).
Client [1]: Behaving benignly in round 95 (outside attack window).
Client [1]: Behaving benignly in round 96 (outside attack window).
Client [1]: Behaving benignly in round 99 (outside attack window).
Client [0]: Behaving benignly in round 100 (outside attack window).
Client [0]: Behaving benignly in round 3 (outside attack window).
Client [0]: Behaving benignly in round 6 (outside attack window).
Client [0]: Behaving benignly in round 7 (outside attack window).
Client [1]: Behaving benignly in round 11 (outside attack window).
Client [1]: Behaving benignly in round 17 (outside attack window).
Client [1]: Behaving benignly in round 18 (outside attack window).

--- A3FL Client [1] optimizing trigger for round 21 ---
--- Training A3FL Trigger (aligned with official repo) ---
--- A3FL Trigger training finished ---

--- A3FL Client [1] optimizing trigger for round 25 ---
--- Training A3FL Trigger (aligned with official repo) ---
--- A3FL Trigger training finished ---

--- A3FL Client [1] optimizing trigger for round 29 ---
--- Training A3FL Trigger (aligned with official repo) ---
--- A3FL Trigger training finished ---

--- A3FL Client [0] optimizing trigger for round 32 ---
--- Training A3FL Trigger (aligned with official repo) ---
--- A3FL Trigger training finished ---

--- A3FL Client [0] optimizing trigger for round 44 ---
--- Training A3FL Trigger (aligned with official repo) ---
--- A3FL Trigger training finished ---

--- A3FL Client [0] optimizing trigger for round 47 ---
--- Training A3FL Trigger (aligned with official repo) ---
--- A3FL Trigger training finished ---
Client [1]: Behaving benignly in round 51 (outside attack window).
Client [1]: Behaving benignly in round 57 (outside attack window).
Client [1]: Behaving benignly in round 13 (outside attack window).

--- A3FL Client [1] optimizing trigger for round 22 ---
--- Training A3FL Trigger (aligned with official repo) ---
--- A3FL Trigger training finished ---

--- A3FL Client [1] optimizing trigger for round 33 ---
--- Training A3FL Trigger (aligned with official repo) ---
--- A3FL Trigger training finished ---

--- A3FL Client [1] optimizing trigger for round 34 ---
--- Training A3FL Trigger (aligned with official repo) ---
--- A3FL Trigger training finished ---

--- A3FL Client [0] optimizing trigger for round 41 ---
--- Training A3FL Trigger (aligned with official repo) ---
--- A3FL Trigger training finished ---

--- A3FL Client [1] optimizing trigger for round 44 ---
--- Training A3FL Trigger (aligned with official repo) ---
--- A3FL Trigger training finished ---
Client [1]: Behaving benignly in round 9 (outside attack window).
Client [1]: Behaving benignly in round 10 (outside attack window).
Client [1]: Behaving benignly in round 15 (outside attack window).
Client [1]: Behaving benignly in round 16 (outside attack window).

--- A3FL Client [0] optimizing trigger for round 21 ---
--- Training A3FL Trigger (aligned with official repo) ---
--- A3FL Trigger training finished ---

--- A3FL Client [1] optimizing trigger for round 26 ---
--- Training A3FL Trigger (aligned with official repo) ---
--- A3FL Trigger training finished ---

--- A3FL Client [0] optimizing trigger for round 33 ---
--- Training A3FL Trigger (aligned with official repo) ---
--- A3FL Trigger training finished ---

--- A3FL Client [1] optimizing trigger for round 39 ---
--- Training A3FL Trigger (aligned with official repo) ---
--- A3FL Trigger training finished ---

--- A3FL Client [0] optimizing trigger for round 42 ---
--- Training A3FL Trigger (aligned with official repo) ---
--- A3FL Trigger training finished ---

--- A3FL Client [0] optimizing trigger for round 45 ---
--- Training A3FL Trigger (aligned with official repo) ---
--- A3FL Trigger training finished ---

--- A3FL Client [0] optimizing trigger for round 48 ---
--- Training A3FL Trigger (aligned with official repo) ---
--- A3FL Trigger training finished ---
Client [1]: Behaving benignly in round 60 (outside attack window).
Client [1]: Behaving benignly in round 86 (outside attack window).
Client [1]: Behaving benignly in round 97 (outside attack window).
Client [1]: Behaving benignly in round 1 (outside attack window).
Client [0]: Behaving benignly in round 4 (outside attack window).
Client [1]: Behaving benignly in round 5 (outside attack window).

--- A3FL Client [1] optimizing trigger for round 24 ---
--- Training A3FL Trigger (aligned with official repo) ---
--- A3FL Trigger training finished ---

--- A3FL Client [1] optimizing trigger for round 27 ---
--- Training A3FL Trigger (aligned with official repo) ---
--- A3FL Trigger training finished ---

--- A3FL Client [0] optimizing trigger for round 30 ---
--- Training A3FL Trigger (aligned with official repo) ---
--- A3FL Trigger training finished ---

--- A3FL Client [0] optimizing trigger for round 35 ---
--- Training A3FL Trigger (aligned with official repo) ---
--- A3FL Trigger training finished ---

--- A3FL Client [0] optimizing trigger for round 37 ---
--- Training A3FL Trigger (aligned with official repo) ---
--- A3FL Trigger training finished ---

--- A3FL Client [1] optimizing trigger for round 40 ---
--- Training A3FL Trigger (aligned with official repo) ---
--- A3FL Trigger training finished ---
Client [1]: Behaving benignly in round 3 (outside attack window).
Client [1]: Behaving benignly in round 6 (outside attack window).
Client [1]: Behaving benignly in round 12 (outside attack window).
Client [1]: Behaving benignly in round 14 (outside attack window).

--- A3FL Client [0] optimizing trigger for round 22 ---
--- Training A3FL Trigger (aligned with official repo) ---
--- A3FL Trigger training finished ---

--- A3FL Client [0] optimizing trigger for round 27 ---
--- Training A3FL Trigger (aligned with official repo) ---
--- A3FL Trigger training finished ---

--- A3FL Client [0] optimizing trigger for round 31 ---
--- Training A3FL Trigger (aligned with official repo) ---
--- A3FL Trigger training finished ---

--- A3FL Client [1] optimizing trigger for round 36 ---
--- Training A3FL Trigger (aligned with official repo) ---
--- A3FL Trigger training finished ---

--- A3FL Client [0] optimizing trigger for round 38 ---
--- Training A3FL Trigger (aligned with official repo) ---
--- A3FL Trigger training finished ---

--- A3FL Client [0] optimizing trigger for round 40 ---
--- Training A3FL Trigger (aligned with official repo) ---
--- A3FL Trigger training finished ---

--- A3FL Client [1] optimizing trigger for round 43 ---
--- Training A3FL Trigger (aligned with official repo) ---
--- A3FL Trigger training finished ---

--- A3FL Client [1] optimizing trigger for round 49 ---
--- Training A3FL Trigger (aligned with official repo) ---
--- A3FL Trigger training finished ---

--- A3FL Client [1] optimizing trigger for round 30 ---
--- Training A3FL Trigger (aligned with official repo) ---
--- A3FL Trigger training finished ---

--- A3FL Client [0] optimizing trigger for round 36 ---
--- Training A3FL Trigger (aligned with official repo) ---
--- A3FL Trigger training finished ---

--- A3FL Client [1] optimizing trigger for round 38 ---
--- Training A3FL Trigger (aligned with official repo) ---
--- A3FL Trigger training finished ---

--- A3FL Client [1] optimizing trigger for round 42 ---
--- Training A3FL Trigger (aligned with official repo) ---
--- A3FL Trigger training finished ---
Client [0]: Behaving benignly in round 1 (outside attack window).

--- A3FL Client [0] optimizing trigger for round 39 ---
--- Training A3FL Trigger (aligned with official repo) ---
--- A3FL Trigger training finished ---

--- A3FL Client [1] optimizing trigger for round 45 ---
--- Training A3FL Trigger (aligned with official repo) ---
--- A3FL Trigger training finished ---

--- A3FL Client [1] optimizing trigger for round 48 ---
--- Training A3FL Trigger (aligned with official repo) ---
--- A3FL Trigger training finished ---
Client [1]: Behaving benignly in round 2 (outside attack window).
Client [1]: Behaving benignly in round 4 (outside attack window).
Client [0]: Behaving benignly in round 13 (outside attack window).
Client [1]: Behaving benignly in round 19 (outside attack window).

--- A3FL Client [1] optimizing trigger for round 23 ---
--- Training A3FL Trigger (aligned with official repo) ---
--- A3FL Trigger training finished ---

--- A3FL Client [0] optimizing trigger for round 26 ---
--- Training A3FL Trigger (aligned with official repo) ---
--- A3FL Trigger training finished ---

--- A3FL Client [0] optimizing trigger for round 29 ---
--- Training A3FL Trigger (aligned with official repo) ---
--- A3FL Trigger training finished ---

--- A3FL Client [0] optimizing trigger for round 34 ---
--- Training A3FL Trigger (aligned with official repo) ---
--- A3FL Trigger training finished ---

--- A3FL Client [1] optimizing trigger for round 37 ---
--- Training A3FL Trigger (aligned with official repo) ---
--- A3FL Trigger training finished ---

--- A3FL Client [1] optimizing trigger for round 47 ---
--- Training A3FL Trigger (aligned with official repo) ---
--- A3FL Trigger training finished ---

--- A3FL Client [1] optimizing trigger for round 50 ---
--- Training A3FL Trigger (aligned with official repo) ---
--- A3FL Trigger training finished ---
Client [0]: Behaving benignly in round 55 (outside attack window).
Client [1]: Behaving benignly in round 56 (outside attack window).
Client [1]: Behaving benignly in round 66 (outside attack window).
Client [1]: Behaving benignly in round 82 (outside attack window).
Client [1]: Behaving benignly in round 83 (outside attack window).
Client [1]: Behaving benignly in round 91 (outside attack window).
Client [0]: Behaving benignly in round 93 (outside attack window).

--- Round 1/100 ---
FLAME filtered 0/20 client(s).
Round 1: Main Acc = 0.7323, Backdoor ASR = 0.0000, Attack Active: False, took 319.80126452445984 seconds

--- Round 2/100 ---
FLAME filtered 0/20 client(s).
Round 2: Main Acc = 0.8034, Backdoor ASR = 0.0000, Attack Active: False, took 229.98921608924866 seconds

--- Round 3/100 ---
FLAME filtered 0/20 client(s).
Round 3: Main Acc = 0.8207, Backdoor ASR = 0.0000, Attack Active: False, took 230.0090811252594 seconds

--- Round 4/100 ---
FLAME filtered 0/20 client(s).
Round 4: Main Acc = 0.8296, Backdoor ASR = 0.0000, Attack Active: False, took 233.01453113555908 seconds

--- Round 5/100 ---
FLAME filtered 0/20 client(s).
Round 5: Main Acc = 0.8343, Backdoor ASR = 0.0000, Attack Active: False, took 231.3598654270172 seconds

--- Round 6/100 ---
FLAME filtered 0/20 client(s).
Round 6: Main Acc = 0.8387, Backdoor ASR = 0.0000, Attack Active: False, took 229.9468173980713 seconds

--- Round 7/100 ---
FLAME filtered 0/20 client(s).
Round 7: Main Acc = 0.8435, Backdoor ASR = 0.0000, Attack Active: False, took 227.72494387626648 seconds

--- Round 8/100 ---
FLAME filtered 0/20 client(s).
Round 8: Main Acc = 0.8441, Backdoor ASR = 0.0000, Attack Active: False, took 229.7338011264801 seconds

--- Round 9/100 ---
FLAME filtered 0/20 client(s).
Round 9: Main Acc = 0.8469, Backdoor ASR = 0.0000, Attack Active: False, took 230.04417872428894 seconds

--- Round 10/100 ---
FLAME filtered 0/20 client(s).
Round 10: Main Acc = 0.8458, Backdoor ASR = 0.0000, Attack Active: False, took 224.81250071525574 seconds

--- Round 11/100 ---
FLAME filtered 0/20 client(s).
Round 11: Main Acc = 0.8476, Backdoor ASR = 0.0000, Attack Active: False, took 223.3919587135315 seconds

--- Round 12/100 ---
FLAME filtered 0/20 client(s).
Round 12: Main Acc = 0.8491, Backdoor ASR = 0.0000, Attack Active: False, took 221.56663417816162 seconds

--- Round 13/100 ---
FLAME filtered 0/20 client(s).
Round 13: Main Acc = 0.8507, Backdoor ASR = 0.0000, Attack Active: False, took 221.60592794418335 seconds

--- Round 14/100 ---
FLAME filtered 0/20 client(s).
Round 14: Main Acc = 0.8517, Backdoor ASR = 0.0000, Attack Active: False, took 225.75740790367126 seconds

--- Round 15/100 ---
FLAME filtered 0/20 client(s).
Round 15: Main Acc = 0.8506, Backdoor ASR = 0.0000, Attack Active: False, took 225.34045696258545 seconds

--- Round 16/100 ---
FLAME filtered 0/20 client(s).
Round 16: Main Acc = 0.8535, Backdoor ASR = 0.0000, Attack Active: False, took 226.0571804046631 seconds

--- Round 17/100 ---
FLAME filtered 0/20 client(s).
Round 17: Main Acc = 0.8536, Backdoor ASR = 0.0000, Attack Active: False, took 224.9138629436493 seconds

--- Round 18/100 ---
FLAME filtered 0/20 client(s).
Round 18: Main Acc = 0.8521, Backdoor ASR = 0.0000, Attack Active: False, took 222.8054587841034 seconds

--- Round 19/100 ---
FLAME filtered 0/20 client(s).
Round 19: Main Acc = 0.8543, Backdoor ASR = 0.0000, Attack Active: False, took 225.31522226333618 seconds

--- Round 20/100 ---
Stateful trigger updated. Recreating ASR test loader...
FLAME filtered 0/20 client(s).
Round 20: Main Acc = 0.8549, Backdoor ASR = 0.0006, Attack Active: True, took 690.0893232822418 seconds

--- Round 21/100 ---
Stateful trigger updated. Recreating ASR test loader...
FLAME filtered 0/20 client(s).
Round 21: Main Acc = 0.8542, Backdoor ASR = 0.0002, Attack Active: True, took 677.6824576854706 seconds

--- Round 22/100 ---
Stateful trigger updated. Recreating ASR test loader...
FLAME filtered 0/20 client(s).
Round 22: Main Acc = 0.8556, Backdoor ASR = 0.0009, Attack Active: True, took 686.1779546737671 seconds

--- Round 23/100 ---
Stateful trigger updated. Recreating ASR test loader...
FLAME filtered 0/20 client(s).
Round 23: Main Acc = 0.8552, Backdoor ASR = 0.0117, Attack Active: True, took 673.0649409294128 seconds

--- Round 24/100 ---
Stateful trigger updated. Recreating ASR test loader...
FLAME filtered 0/20 client(s).
Round 24: Main Acc = 0.8564, Backdoor ASR = 0.0213, Attack Active: True, took 690.0379312038422 seconds

--- Round 25/100 ---
Stateful trigger updated. Recreating ASR test loader...
FLAME filtered 0/20 client(s).
Round 25: Main Acc = 0.8565, Backdoor ASR = 0.0468, Attack Active: True, took 671.3937523365021 seconds

--- Round 26/100 ---
Stateful trigger updated. Recreating ASR test loader...
FLAME filtered 0/20 client(s).
Round 26: Main Acc = 0.8575, Backdoor ASR = 0.0460, Attack Active: True, took 675.8555402755737 seconds

--- Round 27/100 ---
Stateful trigger updated. Recreating ASR test loader...
FLAME filtered 0/20 client(s).
Round 27: Main Acc = 0.8570, Backdoor ASR = 0.1038, Attack Active: True, took 689.6117005348206 seconds

--- Round 28/100 ---
Stateful trigger updated. Recreating ASR test loader...
FLAME filtered 0/20 client(s).
Round 28: Main Acc = 0.8573, Backdoor ASR = 0.2026, Attack Active: True, took 686.8535606861115 seconds

--- Round 29/100 ---
Stateful trigger updated. Recreating ASR test loader...
FLAME filtered 0/20 client(s).
Round 29: Main Acc = 0.8570, Backdoor ASR = 0.3465, Attack Active: True, took 679.1758234500885 seconds

--- Round 30/100 ---
Stateful trigger updated. Recreating ASR test loader...
FLAME filtered 0/20 client(s).
Round 30: Main Acc = 0.8574, Backdoor ASR = 0.4027, Attack Active: True, took 684.0609395503998 seconds

--- Round 31/100 ---
Stateful trigger updated. Recreating ASR test loader...
FLAME filtered 0/20 client(s).
Round 31: Main Acc = 0.8575, Backdoor ASR = 0.6298, Attack Active: True, took 685.3016903400421 seconds

--- Round 32/100 ---
Stateful trigger updated. Recreating ASR test loader...
FLAME filtered 0/20 client(s).
Round 32: Main Acc = 0.8582, Backdoor ASR = 0.6782, Attack Active: True, took 671.8517763614655 seconds

--- Round 33/100 ---
Stateful trigger updated. Recreating ASR test loader...
FLAME filtered 0/20 client(s).
Round 33: Main Acc = 0.8581, Backdoor ASR = 0.7773, Attack Active: True, took 678.5013670921326 seconds

--- Round 34/100 ---
Stateful trigger updated. Recreating ASR test loader...
FLAME filtered 0/20 client(s).
Round 34: Main Acc = 0.8586, Backdoor ASR = 0.8560, Attack Active: True, took 681.7941980361938 seconds

--- Round 35/100 ---
Stateful trigger updated. Recreating ASR test loader...
FLAME filtered 0/20 client(s).
Round 35: Main Acc = 0.8588, Backdoor ASR = 0.8923, Attack Active: True, took 675.4993960857391 seconds

--- Round 36/100 ---
Stateful trigger updated. Recreating ASR test loader...
FLAME filtered 0/20 client(s).
Round 36: Main Acc = 0.8585, Backdoor ASR = 0.9331, Attack Active: True, took 679.5981814861298 seconds

--- Round 37/100 ---
Stateful trigger updated. Recreating ASR test loader...
FLAME filtered 0/20 client(s).
Round 37: Main Acc = 0.8579, Backdoor ASR = 0.9653, Attack Active: True, took 682.2391383647919 seconds

--- Round 38/100 ---
Stateful trigger updated. Recreating ASR test loader...
FLAME filtered 0/20 client(s).
Round 38: Main Acc = 0.8585, Backdoor ASR = 0.9654, Attack Active: True, took 668.313844203949 seconds

--- Round 39/100 ---
Stateful trigger updated. Recreating ASR test loader...
FLAME filtered 0/20 client(s).
Round 39: Main Acc = 0.8593, Backdoor ASR = 0.9722, Attack Active: True, took 679.6459081172943 seconds

--- Round 40/100 ---
Stateful trigger updated. Recreating ASR test loader...
FLAME filtered 0/20 client(s).
Round 40: Main Acc = 0.8601, Backdoor ASR = 0.9827, Attack Active: True, took 659.7261171340942 seconds

--- Round 41/100 ---
Stateful trigger updated. Recreating ASR test loader...
FLAME filtered 0/20 client(s).
Round 41: Main Acc = 0.8602, Backdoor ASR = 0.9829, Attack Active: True, took 662.5062742233276 seconds

--- Round 42/100 ---
Stateful trigger updated. Recreating ASR test loader...
FLAME filtered 0/20 client(s).
Round 42: Main Acc = 0.8595, Backdoor ASR = 0.9807, Attack Active: True, took 674.9902346134186 seconds

--- Round 43/100 ---
Stateful trigger updated. Recreating ASR test loader...
FLAME filtered 0/20 client(s).
Round 43: Main Acc = 0.8601, Backdoor ASR = 0.9908, Attack Active: True, took 682.7008635997772 seconds

--- Round 44/100 ---
Stateful trigger updated. Recreating ASR test loader...
FLAME filtered 0/20 client(s).
Round 44: Main Acc = 0.8601, Backdoor ASR = 0.9955, Attack Active: True, took 666.5752036571503 seconds

--- Round 45/100 ---
Stateful trigger updated. Recreating ASR test loader...
FLAME filtered 0/20 client(s).
Round 45: Main Acc = 0.8601, Backdoor ASR = 0.9959, Attack Active: True, took 624.8730704784393 seconds

--- Round 46/100 ---
Stateful trigger updated. Recreating ASR test loader...
FLAME filtered 0/20 client(s).
Round 46: Main Acc = 0.8604, Backdoor ASR = 0.9990, Attack Active: True, took 634.3430533409119 seconds

--- Round 47/100 ---
Stateful trigger updated. Recreating ASR test loader...
FLAME filtered 0/20 client(s).
Round 47: Main Acc = 0.8598, Backdoor ASR = 0.9988, Attack Active: True, took 623.0197854042053 seconds

--- Round 48/100 ---
Stateful trigger updated. Recreating ASR test loader...
FLAME filtered 0/20 client(s).
Round 48: Main Acc = 0.8605, Backdoor ASR = 0.9988, Attack Active: True, took 622.3038165569305 seconds

--- Round 49/100 ---
Stateful trigger updated. Recreating ASR test loader...
FLAME filtered 0/20 client(s).
Round 49: Main Acc = 0.8599, Backdoor ASR = 0.9990, Attack Active: True, took 634.5696089267731 seconds

--- Round 50/100 ---
Stateful trigger updated. Recreating ASR test loader...
FLAME filtered 0/20 client(s).
Round 50: Main Acc = 0.8607, Backdoor ASR = 0.9989, Attack Active: True, took 626.2362582683563 seconds

--- Round 51/100 ---
FLAME filtered 0/20 client(s).
Round 51: Main Acc = 0.8610, Backdoor ASR = 0.9988, Attack Active: False, took 229.42176389694214 seconds

--- Round 52/100 ---
FLAME filtered 0/20 client(s).
Round 52: Main Acc = 0.8600, Backdoor ASR = 0.9992, Attack Active: False, took 229.88442945480347 seconds

--- Round 53/100 ---
FLAME filtered 0/20 client(s).
Round 53: Main Acc = 0.8596, Backdoor ASR = 0.9968, Attack Active: False, took 228.8748905658722 seconds

--- Round 54/100 ---
FLAME filtered 0/20 client(s).
Round 54: Main Acc = 0.8611, Backdoor ASR = 0.9935, Attack Active: False, took 228.17032098770142 seconds

--- Round 55/100 ---
FLAME filtered 0/20 client(s).
Round 55: Main Acc = 0.8614, Backdoor ASR = 0.9963, Attack Active: False, took 233.22195482254028 seconds

--- Round 56/100 ---
FLAME filtered 0/20 client(s).
Round 56: Main Acc = 0.8609, Backdoor ASR = 0.9932, Attack Active: False, took 229.24050211906433 seconds

--- Round 57/100 ---
FLAME filtered 0/20 client(s).
Round 57: Main Acc = 0.8614, Backdoor ASR = 0.9957, Attack Active: False, took 228.80249500274658 seconds

--- Round 58/100 ---
FLAME filtered 0/20 client(s).
Round 58: Main Acc = 0.8618, Backdoor ASR = 0.9947, Attack Active: False, took 229.2071237564087 seconds

--- Round 59/100 ---
FLAME filtered 0/20 client(s).
Round 59: Main Acc = 0.8605, Backdoor ASR = 0.9912, Attack Active: False, took 229.53447937965393 seconds

--- Round 60/100 ---
FLAME filtered 0/20 client(s).
Round 60: Main Acc = 0.8611, Backdoor ASR = 0.9919, Attack Active: False, took 228.48481273651123 seconds

--- Round 61/100 ---
FLAME filtered 0/20 client(s).
Round 61: Main Acc = 0.8601, Backdoor ASR = 0.9873, Attack Active: False, took 228.99949479103088 seconds

--- Round 62/100 ---
FLAME filtered 0/20 client(s).
Round 62: Main Acc = 0.8599, Backdoor ASR = 0.9857, Attack Active: False, took 230.72391152381897 seconds

--- Round 63/100 ---
FLAME filtered 0/20 client(s).
Round 63: Main Acc = 0.8607, Backdoor ASR = 0.9876, Attack Active: False, took 230.0145401954651 seconds

--- Round 64/100 ---
FLAME filtered 0/20 client(s).
Round 64: Main Acc = 0.8606, Backdoor ASR = 0.9665, Attack Active: False, took 229.65036869049072 seconds

--- Round 65/100 ---
FLAME filtered 0/20 client(s).
Round 65: Main Acc = 0.8612, Backdoor ASR = 0.9556, Attack Active: False, took 228.74403858184814 seconds

--- Round 66/100 ---
FLAME filtered 0/20 client(s).
Round 66: Main Acc = 0.8618, Backdoor ASR = 0.9650, Attack Active: False, took 228.93962478637695 seconds

--- Round 67/100 ---
FLAME filtered 0/20 client(s).
Round 67: Main Acc = 0.8614, Backdoor ASR = 0.9604, Attack Active: False, took 228.65976309776306 seconds

--- Round 68/100 ---
FLAME filtered 0/20 client(s).
Round 68: Main Acc = 0.8613, Backdoor ASR = 0.9717, Attack Active: False, took 229.53991031646729 seconds

--- Round 69/100 ---
FLAME filtered 0/20 client(s).
Round 69: Main Acc = 0.8612, Backdoor ASR = 0.9470, Attack Active: False, took 229.43679928779602 seconds

--- Round 70/100 ---
FLAME filtered 0/20 client(s).
Round 70: Main Acc = 0.8610, Backdoor ASR = 0.9551, Attack Active: False, took 228.71417093276978 seconds

--- Round 71/100 ---
FLAME filtered 0/20 client(s).
Round 71: Main Acc = 0.8612, Backdoor ASR = 0.9287, Attack Active: False, took 231.0744390487671 seconds

--- Round 72/100 ---
FLAME filtered 0/20 client(s).
Round 72: Main Acc = 0.8606, Backdoor ASR = 0.9558, Attack Active: False, took 229.5102894306183 seconds

--- Round 73/100 ---
FLAME filtered 0/20 client(s).
Round 73: Main Acc = 0.8620, Backdoor ASR = 0.9326, Attack Active: False, took 228.71841597557068 seconds

--- Round 74/100 ---
FLAME filtered 0/20 client(s).
Round 74: Main Acc = 0.8612, Backdoor ASR = 0.9278, Attack Active: False, took 229.25592947006226 seconds

--- Round 75/100 ---
FLAME filtered 0/20 client(s).
Round 75: Main Acc = 0.8618, Backdoor ASR = 0.8907, Attack Active: False, took 228.20511198043823 seconds

--- Round 76/100 ---
FLAME filtered 0/20 client(s).
Round 76: Main Acc = 0.8618, Backdoor ASR = 0.8301, Attack Active: False, took 229.2194263935089 seconds

--- Round 77/100 ---
FLAME filtered 0/20 client(s).
Round 77: Main Acc = 0.8616, Backdoor ASR = 0.7869, Attack Active: False, took 229.19715642929077 seconds

--- Round 78/100 ---
FLAME filtered 0/20 client(s).
Round 78: Main Acc = 0.8617, Backdoor ASR = 0.8224, Attack Active: False, took 228.30149698257446 seconds

--- Round 79/100 ---
FLAME filtered 0/20 client(s).
Round 79: Main Acc = 0.8616, Backdoor ASR = 0.7639, Attack Active: False, took 229.40478253364563 seconds

--- Round 80/100 ---
FLAME filtered 0/20 client(s).
Round 80: Main Acc = 0.8626, Backdoor ASR = 0.7275, Attack Active: False, took 229.93473601341248 seconds

--- Round 81/100 ---
FLAME filtered 0/20 client(s).
Round 81: Main Acc = 0.8621, Backdoor ASR = 0.7105, Attack Active: False, took 228.5587193965912 seconds

--- Round 82/100 ---
FLAME filtered 0/20 client(s).
Round 82: Main Acc = 0.8625, Backdoor ASR = 0.6259, Attack Active: False, took 229.70113372802734 seconds

--- Round 83/100 ---
FLAME filtered 0/20 client(s).
Round 83: Main Acc = 0.8628, Backdoor ASR = 0.6918, Attack Active: False, took 233.0777666568756 seconds

--- Round 84/100 ---
FLAME filtered 0/20 client(s).
Round 84: Main Acc = 0.8610, Backdoor ASR = 0.6343, Attack Active: False, took 228.95193719863892 seconds

--- Round 85/100 ---
FLAME filtered 0/20 client(s).
Round 85: Main Acc = 0.8623, Backdoor ASR = 0.5442, Attack Active: False, took 229.670800447464 seconds

--- Round 86/100 ---
FLAME filtered 0/20 client(s).
Round 86: Main Acc = 0.8619, Backdoor ASR = 0.6155, Attack Active: False, took 228.95516729354858 seconds

--- Round 87/100 ---
FLAME filtered 0/20 client(s).
Round 87: Main Acc = 0.8618, Backdoor ASR = 0.6412, Attack Active: False, took 228.2147274017334 seconds

--- Round 88/100 ---
FLAME filtered 0/20 client(s).
Round 88: Main Acc = 0.8620, Backdoor ASR = 0.5390, Attack Active: False, took 228.57584834098816 seconds

--- Round 89/100 ---
FLAME filtered 0/20 client(s).
Round 89: Main Acc = 0.8624, Backdoor ASR = 0.4944, Attack Active: False, took 228.15952253341675 seconds

--- Round 90/100 ---
FLAME filtered 0/20 client(s).
Round 90: Main Acc = 0.8623, Backdoor ASR = 0.4552, Attack Active: False, took 229.10137605667114 seconds

--- Round 91/100 ---
FLAME filtered 0/20 client(s).
Round 91: Main Acc = 0.8623, Backdoor ASR = 0.5072, Attack Active: False, took 229.49698495864868 seconds

--- Round 92/100 ---
FLAME filtered 0/20 client(s).
Round 92: Main Acc = 0.8626, Backdoor ASR = 0.4508, Attack Active: False, took 228.9557662010193 seconds

--- Round 93/100 ---
FLAME filtered 0/20 client(s).
Round 93: Main Acc = 0.8624, Backdoor ASR = 0.5012, Attack Active: False, took 230.56885743141174 seconds

--- Round 94/100 ---
FLAME filtered 0/20 client(s).
Round 94: Main Acc = 0.8633, Backdoor ASR = 0.4554, Attack Active: False, took 228.60967373847961 seconds

--- Round 95/100 ---
FLAME filtered 0/20 client(s).
Round 95: Main Acc = 0.8626, Backdoor ASR = 0.4723, Attack Active: False, took 228.12118291854858 seconds

--- Round 96/100 ---
FLAME filtered 0/20 client(s).
Round 96: Main Acc = 0.8616, Backdoor ASR = 0.5162, Attack Active: False, took 229.31188201904297 seconds

--- Round 97/100 ---
FLAME filtered 0/20 client(s).
Round 97: Main Acc = 0.8627, Backdoor ASR = 0.5331, Attack Active: False, took 229.73595476150513 seconds

--- Round 98/100 ---
FLAME filtered 0/20 client(s).
Round 98: Main Acc = 0.8619, Backdoor ASR = 0.4734, Attack Active: False, took 229.203458070755 seconds

--- Round 99/100 ---
FLAME filtered 0/20 client(s).
Round 99: Main Acc = 0.8620, Backdoor ASR = 0.4290, Attack Active: False, took 230.47145295143127 seconds

--- Round 100/100 ---
FLAME filtered 0/20 client(s).
Round 100: Main Acc = 0.8621, Backdoor ASR = 0.3114, Attack Active: False, took 230.20319986343384 seconds

--- Training Finished ---
